<?xml version="1.0" encoding="UTF-8"?>
<!-- Generated by org.testng.reporters.JUnitXMLReporter -->
<testsuite hostname="Unicorn-PC" ignored="1" name="Default test" tests="4" failures="0" timestamp="04 Jun 2017 15:52:17 GMT" time="0.094" errors="0">
  <testcase name="logInTest" time="0.016" classname="classTest.annotationTest"/>
  <testcase name="changePasswordTest" time="0.0" classname="classTest.annotationTest"/>
  <testcase name="logOutTest" time="0.0" classname="classTest.annotationTest"/>
  <testcase name="skipTest" time="0.018" classname="classTest.annotationTest">
    <skipped/>
  </testcase> <!-- skipTest -->
  <testcase name="disableTest" time="0.0" classname="classTest.annotationTest">
    <ignored/>
  </testcase> <!-- disableTest -->
</testsuite> <!-- Default test -->
