<?xml version="1.0" encoding="UTF-8"?>
<!-- Generated by org.testng.reporters.JUnitXMLReporter -->
<testsuite hostname="Unicorn-PC" name="Test 2" tests="8" failures="0" timestamp="9 Jul 2017 17:25:14 GMT" time="0.074" errors="0">
  <testcase name="logInTest" time="0.024" classname="classTest.dependsOn"/>
  <testcase name="skipTest" time="0.0" classname="classTest.dependsOn">
    <skipped/>
  </testcase> <!-- skipTest -->
  <testcase name="changePasswordTest" time="0.001" classname="classTest.dependsOn"/>
  <testcase name="logOutTest" time="0.0" classname="classTest.dependsOn"/>
  <testcase name="logInTest" time="0.0" classname="classTest.annotationTest"/>
  <testcase name="logOutTest" time="0.001" classname="classTest.annotationTest"/>
  <testcase name="skipTest" time="0.001" classname="classTest.annotationTest">
    <skipped/>
  </testcase> <!-- skipTest -->
  <testcase name="changePasswordTest" time="0.0" classname="classTest.annotationTest"/>
</testsuite> <!-- Test 2 -->
