<?xml version="1.0" encoding="UTF-8"?>
<testng-results skipped="0" failed="0" ignored="0" total="2" passed="2">
  <reporter-output>
  </reporter-output>
  <suite name="Default suite" duration-ms="23387" started-at="2017-06-11T15:21:00Z" finished-at="2017-06-11T15:21:23Z">
    <groups>
    </groups>
    <test name="Default test" duration-ms="23387" started-at="2017-06-11T15:21:00Z" finished-at="2017-06-11T15:21:23Z">
      <class name="classTest.frameworkTest">
        <test-method status="PASS" signature="beforeSuite()[pri:0, instance:classTest.frameworkTest@4883b407]" name="beforeSuite" is-config="true" duration-ms="16" started-at="2017-06-11T11:21:00Z" finished-at="2017-06-11T11:21:00Z">
          <reporter-output>
          </reporter-output>
        </test-method> <!-- beforeSuite -->
        <test-method status="PASS" signature="beforeTest()[pri:0, instance:classTest.frameworkTest@4883b407]" name="beforeTest" is-config="true" duration-ms="21453" started-at="2017-06-11T11:21:00Z" finished-at="2017-06-11T11:21:21Z">
          <reporter-output>
          </reporter-output>
        </test-method> <!-- beforeTest -->
        <test-method status="PASS" signature="enterEmail()[pri:0, instance:classTest.frameworkTest@4883b407]" name="enterEmail" duration-ms="1679" started-at="2017-06-11T11:21:21Z" finished-at="2017-06-11T11:21:23Z">
          <reporter-output>
          </reporter-output>
        </test-method> <!-- enterEmail -->
        <test-method status="PASS" signature="enterPassword()[pri:0, instance:classTest.frameworkTest@4883b407]" name="enterPassword" duration-ms="218" started-at="2017-06-11T11:21:23Z" finished-at="2017-06-11T11:21:23Z">
          <reporter-output>
          </reporter-output>
        </test-method> <!-- enterPassword -->
        <test-method status="PASS" signature="afterTest()[pri:0, instance:classTest.frameworkTest@4883b407]" name="afterTest" is-config="true" duration-ms="1" started-at="2017-06-11T11:21:23Z" finished-at="2017-06-11T11:21:23Z">
          <reporter-output>
          </reporter-output>
        </test-method> <!-- afterTest -->
        <test-method status="PASS" signature="afterSuite()[pri:0, instance:classTest.frameworkTest@4883b407]" name="afterSuite" is-config="true" duration-ms="0" started-at="2017-06-11T11:21:23Z" finished-at="2017-06-11T11:21:23Z">
          <reporter-output>
          </reporter-output>
        </test-method> <!-- afterSuite -->
      </class> <!-- classTest.frameworkTest -->
    </test> <!-- Default test -->
  </suite> <!-- Default suite -->
</testng-results>
